Using pre-set license

 COMMAND LINE ARGUMENTS:
/Applications/Unity/Hub/Editor/2020.2.1f1/Unity.app/Contents/MacOS/Unity
-adb2
-batchMode
-noUpm
-name
AssetImportWorker26
-projectPath
/Users/warrenh/Desktop/ProtoGame/CJ10_proto_jam (1)
-logFile
Logs/AssetImportWorker26.log
-srvPort
49255
Successfully changed project path to: /Users/warrenh/Desktop/ProtoGame/CJ10_proto_jam (1)
/Users/warrenh/Desktop/ProtoGame/CJ10_proto_jam (1)
Using Asset Import Pipeline V2.
Refreshing native plugins compatible for Editor in 83.35 ms, found 2 plugins.
Preloading 0 native plugins for Editor in 0.00 ms.
Initialize engine version: 2020.2.1f1 (270dd8c3da1c)
[Subsystems] Discovering subsystems at path /Applications/Unity/Hub/Editor/2020.2.1f1/Unity.app/Contents/Resources/UnitySubsystems
[Subsystems] Discovering subsystems at path /Users/warrenh/Desktop/ProtoGame/CJ10_proto_jam (1)/Assets
GfxDevice: creating device client; threaded=0
2021-01-28 16:30:36.998 Unity[14990:1333495] Cintiq 16 preferred device: Intel Iris Graphics (low power)
2021-01-28 16:30:36.998 Unity[14990:1333495] Metal devices available: 1
2021-01-28 16:30:36.998 Unity[14990:1333495] 0: Intel Iris Graphics (low power)
2021-01-28 16:30:36.999 Unity[14990:1333495] Using device Intel Iris Graphics (low power)
Initializing Metal device caps: Intel Iris Graphics
Initialize mono
Mono path[0] = '/Applications/Unity/Hub/Editor/2020.2.1f1/Unity.app/Contents/Managed'
Mono path[1] = '/Applications/Unity/Hub/Editor/2020.2.1f1/Unity.app/Contents/MonoBleedingEdge/lib/mono/unityjit'
Mono config path = '/Applications/Unity/Hub/Editor/2020.2.1f1/Unity.app/Contents/MonoBleedingEdge/etc'
Using monoOptions --debugger-agent=transport=dt_socket,embedding=1,server=y,suspend=n,address=127.0.0.1:56990
Begin MonoManager ReloadAssembly
